# JRE version: Java(TM) SE Runtime Environment (8.0_301-b09) (build 1.8.0_301-b09)
# Java VM: Java HotSpot(TM) 64-Bit Server VM (25.301-b09 mixed mode windows-amd64 compressed oops)
Heap:
 PSYoungGen      total 34304K, used 22145K [0x00000000eb580000, 0x00000000ed980000, 0x0000000100000000)
  eden space 31744K, 69% used [0x00000000eb580000,0x00000000ecb204f0,0x00000000ed480000)
  from space 2560K, 0% used [0x00000000ed700000,0x00000000ed700000,0x00000000ed980000)
  to   space 2560K, 0% used [0x00000000ed480000,0x00000000ed480000,0x00000000ed700000)
 ParOldGen       total 35840K, used 8328K [0x00000000c2000000, 0x00000000c4300000, 0x00000000eb580000)
  object space 35840K, 23% used [0x00000000c2000000,0x00000000c2822248,0x00000000c4300000)
 Metaspace       used 24709K, capacity 24998K, committed 25344K, reserved 1071104K
  class space    used 3458K, capacity 3557K, committed 3584K, reserved 1048576K
GC Heap History (10 events):
Event: 0.251 GC heap before
{Heap before GC invocations=1 (full 0):
 PSYoungGen      total 18432K, used 15834K [0x00000000eb580000, 0x00000000eca00000, 0x0000000100000000)
  eden space 15872K, 99% used [0x00000000eb580000,0x00000000ec4f6a08,0x00000000ec500000)
  from space 2560K, 0% used [0x00000000ec780000,0x00000000ec780000,0x00000000eca00000)
  to   space 2560K, 0% used [0x00000000ec500000,0x00000000ec500000,0x00000000ec780000)
 ParOldGen       total 42496K, used 0K [0x00000000c2000000, 0x00000000c4980000, 0x00000000eb580000)
  object space 42496K, 0% used [0x00000000c2000000,0x00000000c2000000,0x00000000c4980000)
 Metaspace       used 2820K, capacity 4568K, committed 4864K, reserved 1056768K
  class space    used 322K, capacity 392K, committed 512K, reserved 1048576K
Event: 0.254 GC heap after
Heap after GC invocations=1 (full 0):
 PSYoungGen      total 18432K, used 618K [0x00000000eb580000, 0x00000000ed980000, 0x0000000100000000)
  eden space 15872K, 0% used [0x00000000eb580000,0x00000000eb580000,0x00000000ec500000)
  from space 2560K, 24% used [0x00000000ec500000,0x00000000ec59a9c0,0x00000000ec780000)
  to   space 2560K, 0% used [0x00000000ed700000,0x00000000ed700000,0x00000000ed980000)
 ParOldGen       total 42496K, used 8K [0x00000000c2000000, 0x00000000c4980000, 0x00000000eb580000)
  object space 42496K, 0% used [0x00000000c2000000,0x00000000c2002000,0x00000000c4980000)
 Metaspace       used 2820K, capacity 4568K, committed 4864K, reserved 1056768K
  class space    used 322K, capacity 392K, committed 512K, reserved 1048576K
}
Event: 0.261 GC heap before
{Heap before GC invocations=2 (full 0):
 PSYoungGen      total 18432K, used 16446K [0x00000000eb580000, 0x00000000ed980000, 0x0000000100000000)
  eden space 15872K, 99% used [0x00000000eb580000,0x00000000ec4f4fa8,0x00000000ec500000)
  from space 2560K, 24% used [0x00000000ec500000,0x00000000ec59a9c0,0x00000000ec780000)
  to   space 2560K, 0% used [0x00000000ed700000,0x00000000ed700000,0x00000000ed980000)
 ParOldGen       total 42496K, used 8K [0x00000000c2000000, 0x00000000c4980000, 0x00000000eb580000)
  object space 42496K, 0% used [0x00000000c2000000,0x00000000c2002000,0x00000000c4980000)
 Metaspace       used 2821K, capacity 4568K, committed 4864K, reserved 1056768K
  class space    used 322K, capacity 392K, committed 512K, reserved 1048576K
Event: 0.262 GC heap after
Heap after GC invocations=2 (full 0):
 PSYoungGen      total 34304K, used 559K [0x00000000eb580000, 0x00000000ed980000, 0x0000000100000000)
  eden space 31744K, 0% used [0x00000000eb580000,0x00000000eb580000,0x00000000ed480000)
  from space 2560K, 21% used [0x00000000ed700000,0x00000000ed78bda8,0x00000000ed980000)
  to   space 2560K, 0% used [0x00000000ed480000,0x00000000ed480000,0x00000000ed700000)
 ParOldGen       total 42496K, used 16K [0x00000000c2000000, 0x00000000c4980000, 0x00000000eb580000)
  object space 42496K, 0% used [0x00000000c2000000,0x00000000c2004000,0x00000000c4980000)
 Metaspace       used 2821K, capacity 4568K, committed 4864K, reserved 1056768K
  class space    used 322K, capacity 392K, committed 512K, reserved 1048576K
}
Event: 1.463 GC heap before
{Heap before GC invocations=3 (full 0):
 PSYoungGen      total 34304K, used 32303K [0x00000000eb580000, 0x00000000ed980000, 0x0000000100000000)
  eden space 31744K, 100% used [0x00000000eb580000,0x00000000ed480000,0x00000000ed480000)
  from space 2560K, 21% used [0x00000000ed700000,0x00000000ed78bda8,0x00000000ed980000)
  to   space 2560K, 0% used [0x00000000ed480000,0x00000000ed480000,0x00000000ed700000)
 ParOldGen       total 42496K, used 16K [0x00000000c2000000, 0x00000000c4980000, 0x00000000eb580000)
  object space 42496K, 0% used [0x00000000c2000000,0x00000000c2004000,0x00000000c4980000)
 Metaspace       used 13672K, capacity 13902K, committed 14080K, reserved 1060864K
  class space    used 1839K, capacity 1939K, committed 2048K, reserved 1048576K
Event: 1.474 GC heap after
Heap after GC invocations=3 (full 0):
 PSYoungGen      total 34304K, used 2534K [0x00000000eb580000, 0x00000000ed980000, 0x0000000100000000)
  eden space 31744K, 0% used [0x00000000eb580000,0x00000000eb580000,0x00000000ed480000)
  from space 2560K, 98% used [0x00000000ed480000,0x00000000ed6f98f8,0x00000000ed700000)
  to   space 2560K, 0% used [0x00000000ed700000,0x00000000ed700000,0x00000000ed980000)
 ParOldGen       total 42496K, used 3706K [0x00000000c2000000, 0x00000000c4980000, 0x00000000eb580000)
  object space 42496K, 8% used [0x00000000c2000000,0x00000000c239eb70,0x00000000c4980000)
 Metaspace       used 13672K, capacity 13902K, committed 14080K, reserved 1060864K
  class space    used 1839K, capacity 1939K, committed 2048K, reserved 1048576K
}
Event: 2.448 GC heap before
{Heap before GC invocations=4 (full 0):
 PSYoungGen      total 34304K, used 32278K [0x00000000eb580000, 0x00000000ed980000, 0x0000000100000000)
  eden space 31744K, 93% used [0x00000000eb580000,0x00000000ed28c190,0x00000000ed480000)
  from space 2560K, 98% used [0x00000000ed480000,0x00000000ed6f98f8,0x00000000ed700000)
  to   space 2560K, 0% used [0x00000000ed700000,0x00000000ed700000,0x00000000ed980000)
 ParOldGen       total 42496K, used 3706K [0x00000000c2000000, 0x00000000c4980000, 0x00000000eb580000)
  object space 42496K, 8% used [0x00000000c2000000,0x00000000c239eb70,0x00000000c4980000)
 Metaspace       used 20809K, capacity 21030K, committed 21296K, reserved 1067008K
  class space    used 2771K, capacity 2865K, committed 2944K, reserved 1048576K
Event: 2.463 GC heap after
Heap after GC invocations=4 (full 0):
 PSYoungGen      total 34304K, used 2534K [0x00000000eb580000, 0x00000000ed980000, 0x0000000100000000)
  eden space 31744K, 0% used [0x00000000eb580000,0x00000000eb580000,0x00000000ed480000)
  from space 2560K, 98% used [0x00000000ed700000,0x00000000ed979948,0x00000000ed980000)
  to   space 2560K, 0% used [0x00000000ed480000,0x00000000ed480000,0x00000000ed700000)
 ParOldGen       total 42496K, used 9654K [0x00000000c2000000, 0x00000000c4980000, 0x00000000eb580000)
  object space 42496K, 22% used [0x00000000c2000000,0x00000000c296d898,0x00000000c4980000)
 Metaspace       used 20809K, capacity 21030K, committed 21296K, reserved 1067008K
  class space    used 2771K, capacity 2865K, committed 2944K, reserved 1048576K
}
Event: 2.463 GC heap before
{Heap before GC invocations=5 (full 1):
 PSYoungGen      total 34304K, used 2534K [0x00000000eb580000, 0x00000000ed980000, 0x0000000100000000)
  eden space 31744K, 0% used [0x00000000eb580000,0x00000000eb580000,0x00000000ed480000)
  from space 2560K, 98% used [0x00000000ed700000,0x00000000ed979948,0x00000000ed980000)
  to   space 2560K, 0% used [0x00000000ed480000,0x00000000ed480000,0x00000000ed700000)
 ParOldGen       total 42496K, used 9654K [0x00000000c2000000, 0x00000000c4980000, 0x00000000eb580000)
  object space 42496K, 22% used [0x00000000c2000000,0x00000000c296d898,0x00000000c4980000)
 Metaspace       used 20809K, capacity 21030K, committed 21296K, reserved 1067008K
  class space    used 2771K, capacity 2865K, committed 2944K, reserved 1048576K
Event: 2.509 GC heap after
Heap after GC invocations=5 (full 1):
 PSYoungGen      total 34304K, used 0K [0x00000000eb580000, 0x00000000ed980000, 0x0000000100000000)
  eden space 31744K, 0% used [0x00000000eb580000,0x00000000eb580000,0x00000000ed480000)
  from space 2560K, 0% used [0x00000000ed700000,0x00000000ed700000,0x00000000ed980000)
  to   space 2560K, 0% used [0x00000000ed480000,0x00000000ed480000,0x00000000ed700000)
 ParOldGen       total 35840K, used 8328K [0x00000000c2000000, 0x00000000c4300000, 0x00000000eb580000)
  object space 35840K, 23% used [0x00000000c2000000,0x00000000c2822248,0x00000000c4300000)
 Metaspace       used 20809K, capacity 21030K, committed 21296K, reserved 1067008K
  class space    used 2771K, capacity 2865K, committed 2944K, reserved 1048576K
}

