# JRE version: Java(TM) SE Runtime Environment (8.0_301-b09) (build 1.8.0_301-b09)
# Java VM: Java HotSpot(TM) 64-Bit Server VM (25.301-b09 mixed mode windows-amd64 compressed oops)
Heap:
 PSYoungGen      total 34304K, used 2549K [0x00000000eb580000, 0x00000000ed980000, 0x0000000100000000)
  eden space 31744K, 0% used [0x00000000eb580000,0x00000000eb580000,0x00000000ed480000)
  from space 2560K, 99% used [0x00000000ed700000,0x00000000ed97d5d0,0x00000000ed980000)
  to   space 2560K, 0% used [0x00000000ed480000,0x00000000ed480000,0x00000000ed700000)
 ParOldGen       total 37888K, used 9573K [0x00000000c2000000, 0x00000000c4500000, 0x00000000eb580000)
  object space 37888K, 25% used [0x00000000c2000000,0x00000000c2959788,0x00000000c4500000)
 Metaspace       used 24498K, capacity 24772K, committed 25088K, reserved 1075200K
  class space    used 3430K, capacity 3524K, committed 3584K, reserved 1048576K
GC Heap History (10 events):
Event: 0.844 GC heap after
Heap after GC invocations=3 (full 0):
 PSYoungGen      total 18432K, used 2536K [0x00000000eb580000, 0x00000000ed980000, 0x0000000100000000)
  eden space 15872K, 0% used [0x00000000eb580000,0x00000000eb580000,0x00000000ec500000)
  from space 2560K, 99% used [0x00000000ec500000,0x00000000ec77a310,0x00000000ec780000)
  to   space 2560K, 0% used [0x00000000ed700000,0x00000000ed700000,0x00000000ed980000)
 ParOldGen       total 42496K, used 659K [0x00000000c2000000, 0x00000000c4980000, 0x00000000eb580000)
  object space 42496K, 1% used [0x00000000c2000000,0x00000000c20a4f38,0x00000000c4980000)
 Metaspace       used 9524K, capacity 9666K, committed 9728K, reserved 1058816K
  class space    used 1178K, capacity 1241K, committed 1280K, reserved 1048576K
}
Event: 1.476 GC heap before
{Heap before GC invocations=4 (full 0):
 PSYoungGen      total 18432K, used 18408K [0x00000000eb580000, 0x00000000ed980000, 0x0000000100000000)
  eden space 15872K, 100% used [0x00000000eb580000,0x00000000ec500000,0x00000000ec500000)
  from space 2560K, 99% used [0x00000000ec500000,0x00000000ec77a310,0x00000000ec780000)
  to   space 2560K, 0% used [0x00000000ed700000,0x00000000ed700000,0x00000000ed980000)
 ParOldGen       total 42496K, used 659K [0x00000000c2000000, 0x00000000c4980000, 0x00000000eb580000)
  object space 42496K, 1% used [0x00000000c2000000,0x00000000c20a4f38,0x00000000c4980000)
 Metaspace       used 13802K, capacity 14044K, committed 14336K, reserved 1060864K
  class space    used 1856K, capacity 1946K, committed 2048K, reserved 1048576K
Event: 1.483 GC heap after
Heap after GC invocations=4 (full 0):
 PSYoungGen      total 34304K, used 2534K [0x00000000eb580000, 0x00000000ed980000, 0x0000000100000000)
  eden space 31744K, 0% used [0x00000000eb580000,0x00000000eb580000,0x00000000ed480000)
  from space 2560K, 98% used [0x00000000ed700000,0x00000000ed9798f8,0x00000000ed980000)
  to   space 2560K, 0% used [0x00000000ed480000,0x00000000ed480000,0x00000000ed700000)
 ParOldGen       total 42496K, used 3013K [0x00000000c2000000, 0x00000000c4980000, 0x00000000eb580000)
  object space 42496K, 7% used [0x00000000c2000000,0x00000000c22f14d8,0x00000000c4980000)
 Metaspace       used 13802K, capacity 14044K, committed 14336K, reserved 1060864K
  class space    used 1856K, capacity 1946K, committed 2048K, reserved 1048576K
}
Event: 2.424 GC heap before
{Heap before GC invocations=5 (full 0):
 PSYoungGen      total 34304K, used 31301K [0x00000000eb580000, 0x00000000ed980000, 0x0000000100000000)
  eden space 31744K, 90% used [0x00000000eb580000,0x00000000ed197d80,0x00000000ed480000)
  from space 2560K, 98% used [0x00000000ed700000,0x00000000ed9798f8,0x00000000ed980000)
  to   space 2560K, 0% used [0x00000000ed480000,0x00000000ed480000,0x00000000ed700000)
 ParOldGen       total 42496K, used 3013K [0x00000000c2000000, 0x00000000c4980000, 0x00000000eb580000)
  object space 42496K, 7% used [0x00000000c2000000,0x00000000c22f14d8,0x00000000c4980000)
 Metaspace       used 20816K, capacity 21030K, committed 21296K, reserved 1067008K
  class space    used 2777K, capacity 2865K, committed 2944K, reserved 1048576K
Event: 2.442 GC heap after
Heap after GC invocations=5 (full 0):
 PSYoungGen      total 34304K, used 2534K [0x00000000eb580000, 0x00000000ed980000, 0x0000000100000000)
  eden space 31744K, 0% used [0x00000000eb580000,0x00000000eb580000,0x00000000ed480000)
  from space 2560K, 98% used [0x00000000ed480000,0x00000000ed6f9968,0x00000000ed700000)
  to   space 2560K, 0% used [0x00000000ed700000,0x00000000ed700000,0x00000000ed980000)
 ParOldGen       total 42496K, used 8904K [0x00000000c2000000, 0x00000000c4980000, 0x00000000eb580000)
  object space 42496K, 20% used [0x00000000c2000000,0x00000000c28b2018,0x00000000c4980000)
 Metaspace       used 20816K, capacity 21030K, committed 21296K, reserved 1067008K
  class space    used 2777K, capacity 2865K, committed 2944K, reserved 1048576K
}
Event: 2.442 GC heap before
{Heap before GC invocations=6 (full 1):
 PSYoungGen      total 34304K, used 2534K [0x00000000eb580000, 0x00000000ed980000, 0x0000000100000000)
  eden space 31744K, 0% used [0x00000000eb580000,0x00000000eb580000,0x00000000ed480000)
  from space 2560K, 98% used [0x00000000ed480000,0x00000000ed6f9968,0x00000000ed700000)
  to   space 2560K, 0% used [0x00000000ed700000,0x00000000ed700000,0x00000000ed980000)
 ParOldGen       total 42496K, used 8904K [0x00000000c2000000, 0x00000000c4980000, 0x00000000eb580000)
  object space 42496K, 20% used [0x00000000c2000000,0x00000000c28b2018,0x00000000c4980000)
 Metaspace       used 20816K, capacity 21030K, committed 21296K, reserved 1067008K
  class space    used 2777K, capacity 2865K, committed 2944K, reserved 1048576K
Event: 2.526 GC heap after
Heap after GC invocations=6 (full 1):
 PSYoungGen      total 34304K, used 0K [0x00000000eb580000, 0x00000000ed980000, 0x0000000100000000)
  eden space 31744K, 0% used [0x00000000eb580000,0x00000000eb580000,0x00000000ed480000)
  from space 2560K, 0% used [0x00000000ed480000,0x00000000ed480000,0x00000000ed700000)
  to   space 2560K, 0% used [0x00000000ed700000,0x00000000ed700000,0x00000000ed980000)
 ParOldGen       total 37888K, used 8276K [0x00000000c2000000, 0x00000000c4500000, 0x00000000eb580000)
  object space 37888K, 21% used [0x00000000c2000000,0x00000000c28150e8,0x00000000c4500000)
 Metaspace       used 20816K, capacity 21030K, committed 21296K, reserved 1067008K
  class space    used 2777K, capacity 2865K, committed 2944K, reserved 1048576K
}
Event: 3.136 GC heap before
{Heap before GC invocations=7 (full 1):
 PSYoungGen      total 34304K, used 21247K [0x00000000eb580000, 0x00000000ed980000, 0x0000000100000000)
  eden space 31744K, 66% used [0x00000000eb580000,0x00000000eca3fed8,0x00000000ed480000)
  from space 2560K, 0% used [0x00000000ed480000,0x00000000ed480000,0x00000000ed700000)
  to   space 2560K, 0% used [0x00000000ed700000,0x00000000ed700000,0x00000000ed980000)
 ParOldGen       total 37888K, used 8276K [0x00000000c2000000, 0x00000000c4500000, 0x00000000eb580000)
  object space 37888K, 21% used [0x00000000c2000000,0x00000000c28150e8,0x00000000c4500000)
 Metaspace       used 24498K, capacity 24772K, committed 25088K, reserved 1075200K
  class space    used 3430K, capacity 3524K, committed 3584K, reserved 1048576K
Event: 3.140 GC heap after
Heap after GC invocations=7 (full 1):
 PSYoungGen      total 34304K, used 2549K [0x00000000eb580000, 0x00000000ed980000, 0x0000000100000000)
  eden space 31744K, 0% used [0x00000000eb580000,0x00000000eb580000,0x00000000ed480000)
  from space 2560K, 99% used [0x00000000ed700000,0x00000000ed97d5d0,0x00000000ed980000)
  to   space 2560K, 0% used [0x00000000ed480000,0x00000000ed480000,0x00000000ed700000)
 ParOldGen       total 37888K, used 9573K [0x00000000c2000000, 0x00000000c4500000, 0x00000000eb580000)
  object space 37888K, 25% used [0x00000000c2000000,0x00000000c2959788,0x00000000c4500000)
 Metaspace       used 24498K, capacity 24772K, committed 25088K, reserved 1075200K
  class space    used 3430K, capacity 3524K, committed 3584K, reserved 1048576K
}
Event: 3.140 GC heap before
{Heap before GC invocations=8 (full 2):
 PSYoungGen      total 34304K, used 2549K [0x00000000eb580000, 0x00000000ed980000, 0x0000000100000000)
  eden space 31744K, 0% used [0x00000000eb580000,0x00000000eb580000,0x00000000ed480000)
  from space 2560K, 99% used [0x00000000ed700000,0x00000000ed97d5d0,0x00000000ed980000)
  to   space 2560K, 0% used [0x00000000ed480000,0x00000000ed480000,0x00000000ed700000)
 ParOldGen       total 37888K, used 9573K [0x00000000c2000000, 0x00000000c4500000, 0x00000000eb580000)
  object space 37888K, 25% used [0x00000000c2000000,0x00000000c2959788,0x00000000c4500000)
 Metaspace       used 24498K, capacity 24772K, committed 25088K, reserved 1075200K
  class space    used 3430K, capacity 3524K, committed 3584K, reserved 1048576K

